app/build/outputs/logs/manifest-merger-debug-report.txt
-- Merging decision tree log ---
manifest
ADDED from src\main\AndroidManifest.xml:2:1-54:12
	package
		ADDED from src\main\AndroidManifest.xml:3:5-42
		INJECTED from src\main\AndroidManifest.xml
		INJECTED from src\main\AndroidManifest.xml
	android:versionName
		INJECTED from src\main\AndroidManifest.xml
		INJECTED from src\main\AndroidManifest.xml
	xmlns:android
		ADDED from src\main\AndroidManifest.xml:2:11-69
	android:versionCode
		INJECTED from src\main\AndroidManifest.xml
		INJECTED from src\main\AndroidManifest.xml
uses-permission#android.permission.GET_ACCOUNTS
ADDED from src\main\AndroidManifest.xml:6:5-71
	android:name
		ADDED from src\main\AndroidManifest.xml:6:22-68
uses-permission#android.permission.READ_PROFILE
ADDED from src\main\AndroidManifest.xml:7:5-71
	android:name
		ADDED from src\main\AndroidManifest.xml:7:22-68
uses-permission#android.permission.READ_CONTACTS
ADDED from src\main\AndroidManifest.xml:8:5-72
	android:name
		ADDED from src\main\AndroidManifest.xml:8:22-69
uses-permission#android.permission.INTERNET
ADDED from src\main\AndroidManifest.xml:9:5-67
	android:name
		ADDED from src\main\AndroidManifest.xml:9:22-64
uses-permission#android.permission.ACCESS_NETWORK_
ADDED from src\main\AndroidManifest.xml:10:5-74
	android:name
		ADDED from src\main\AndroidManifest.xml:10:22-71
application
ADDED from src\main\AndroidManifest.xml:12:5-52:19
MERGED from [com.android.support:appcompat-v7:23.1.1] AndroidManifest.xml:22:5-20
MERGED from [com.android.support:support-v4:23.1.1] AndroidManifest.xml:22:5-20
MERGED from [com.android.support:design:23.1.1] AndroidManifest.xml:22:5-20
MERGED from [com.android.support:appcompat-v7:23.1.1] AndroidManifest.xml:22:5-20
MERGED from [com.android.support:support-v4:23.1.1] AndroidManifest.xml:22:5-20
MERGED from [com.android.support:support-v4:23.1.1] AndroidManifest.xml:22:5-20
MERGED from [com.android.support:support-v4:23.1.1] AndroidManifest.xml:22:5-20
MERGED from [com.google.android.gms:play-services-appindexing:8.1.0] AndroidManifest.xml:19:5-20
MERGED from [com.google.android.gms:play-services-basement:8.1.0] AndroidManifest.xml:20:5-24:19
MERGED from [com.android.support:support-v4:23.1.1] AndroidManifest.xml:22:5-20
	android:label
		ADDED from src\main\AndroidManifest.xml:15:9-41
	android:supportsRtl
		ADDED from src\main\AndroidManifest.xml:16:9-35
	android:allowBackup
		ADDED from src\main\AndroidManifest.xml:13:9-35
	android:icon
		ADDED from src\main\AndroidManifest.xml:14:9-36
	android:theme
		ADDED from src\main\AndroidManifest.xml:17:9-40
activity#br.com.diaristaslimpo.limpo.Controler.telas.TelaLogin
ADDED from src\main\AndroidManifest.xml:18:9-26:20
	android:theme
		ADDED from src\main\AndroidManifest.xml:20:13-42
	android:name
		ADDED from src\main\AndroidManifest.xml:19:13-54
intent-filter#android.intent.action.MAIN+android.intent.category.LAUNCHER
ADDED from src\main\AndroidManifest.xml:21:13-25:29
action#android.intent.action.MAIN
ADDED from src\main\AndroidManifest.xml:22:17-69
	android:name
		ADDED from src\main\AndroidManifest.xml:22:25-66
category#android.intent.category.LAUNCHER
ADDED from src\main\AndroidManifest.xml:24:17-77
	android:name
		ADDED from src\main\AndroidManifest.xml:24:27-74
activity#br.com.diaristaslimpo.limpo.Controler.telas.TelaSEndereco
ADDED from src\main\AndroidManifest.xml:27:9-67
	android:name
		ADDED from src\main\AndroidManifest.xml:27:19-64
activity#br.com.diaristaslimpo.limpo.Controler.telas.TelaServico
ADDED from src\main\AndroidManifest.xml:28:9-65
	android:name
		ADDED from src\main\AndroidManifest.xml:28:19-62
activity#br.com.diaristaslimpo.limpo.Controler.telas.TelaSDataServico
ADDED from src\main\AndroidManifest.xml:29:9-70
	android:name
		ADDED from src\main\AndroidManifest.xml:29:19-67
activity#br.com.diaristaslimpo.limpo.Controler.telas.TelaSolicitacoes
ADDED from src\main\AndroidManifest.xml:30:9-70
	android:name
		ADDED from src\main\AndroidManifest.xml:30:19-67
activity#br.com.diaristaslimpo.limpo.Controler.telas.TelaDetalheSolicitacao
ADDED from src\main\AndroidManifest.xml:31:9-76
	android:name
		ADDED from src\main\AndroidManifest.xml:31:19-73
activity#br.com.diaristaslimpo.limpo.Controler.telas.TelaDadosPessoais
ADDED from src\main\AndroidManifest.xml:32:9-71
	android:name
		ADDED from src\main\AndroidManifest.xml:32:19-68
activity#br.com.diaristaslimpo.limpo.Controler.telas.TelaInicial
ADDED from src\main\AndroidManifest.xml:33:9-36:59
	android:label
		ADDED from src\main\AndroidManifest.xml:35:13-64
	android:theme
		ADDED from src\main\AndroidManifest.xml:36:13-56
	android:name
		ADDED from src\main\AndroidManifest.xml:34:13-56
activity#br.com.diaristaslimpo.limpo.Controler.telas.TelaCadastro1
ADDED from src\main\AndroidManifest.xml:37:9-67
	android:name
		ADDED from src\main\AndroidManifest.xml:37:19-64
activity#br.com.diaristaslimpo.limpo.Controler.telas.TelaCadastroEndereco
ADDED from src\main\AndroidManifest.xml:38:9-74
	android:name
		ADDED from src\main\AndroidManifest.xml:38:19-71
activity#br.com.diaristaslimpo.limpo.Controler.telas.Tela_Historico
ADDED from src\main\AndroidManifest.xml:39:9-68
	android:name
		ADDED from src\main\AndroidManifest.xml:39:19-65
meta-data#com.google.android.gms.version
ADDED from src\main\AndroidManifest.xml:44:9-46:69
MERGED from [com.google.android.gms:play-services-basement:8.1.0] AndroidManifest.xml:21:9-23:69
	android:value
		ADDED from src\main\AndroidManifest.xml:46:13-66
	android:name
		ADDED from src\main\AndroidManifest.xml:45:13-58
activity#br.com.diaristaslimpo.limpo.Controler.telas.Tela_DetalheHistorico
ADDED from src\main\AndroidManifest.xml:48:9-75
	android:name
		ADDED from src\main\AndroidManifest.xml:48:19-72
activity#br.com.diaristaslimpo.limpo.Controler.telas.Tela_MeusEnderecos
ADDED from src\main\AndroidManifest.xml:49:9-72
	android:name
		ADDED from src\main\AndroidManifest.xml:49:19-69
activity#br.com.diaristaslimpo.limpo.Controler.telas.Tela_Prox_Diarias
ADDED from src\main\AndroidManifest.xml:50:9-71
	android:name
		ADDED from src\main\AndroidManifest.xml:50:19-68
activity#br.com.diaristaslimpo.limpo.Controler.telas.TelaAvalicao
ADDED from src\main\AndroidManifest.xml:51:9-75
	android:name
		ADDED from src\main\AndroidManifest.xml:51:19-63
uses-sdk
INJECTED from src\main\AndroidManifest.xml reason: use-sdk injection requested
MERGED from [com.android.support:appcompat-v7:23.1.1] AndroidManifest.xml:20:5-43
MERGED from [com.android.support:support-v4:23.1.1] AndroidManifest.xml:20:5-43
MERGED from [com.android.support:design:23.1.1] AndroidManifest.xml:20:5-43
MERGED from [com.android.support:appcompat-v7:23.1.1] AndroidManifest.xml:20:5-43
MERGED from [com.android.support:support-v4:23.1.1] AndroidManifest.xml:20:5-43
MERGED from [com.android.support:recyclerview-v7:23.1.1] AndroidManifest.xml:20:5-43
MERGED from [com.android.support:support-v4:23.1.1] AndroidManifest.xml:20:5-43
MERGED from [com.android.support:support-v4:23.1.1] AndroidManifest.xml:20:5-43
MERGED from [com.google.android.gms:play-services-appindexing:8.1.0] AndroidManifest.xml:18:5-42
MERGED from [com.google.android.gms:play-services-basement:8.1.0] AndroidManifest.xml:18:5-42
MERGED from [com.android.support:support-v4:23.1.1] AndroidManifest.xml:20:5-43
	android:targetSdkVersion
		INJECTED from src\main\AndroidManifest.xml
		INJECTED from src\main\AndroidManifest.xml
	android:minSdkVersion
		INJECTED from src\main\AndroidManifest.xml
		INJECTED from src\main\AndroidManifest.xml